<?xml version="1.0" encoding="UTF-8"?>
<testng-results total="2" passed="2" failed="0" skipped="0">
  <reporter-output>
  </reporter-output>
  <suite started-at="2024-02-24T10:24:06Z" name="Default suite" finished-at="2024-02-24T10:24:47Z" duration-ms="41134">
    <groups>
      <group name="cucumber">
        <method signature="AbstractTestNGCucumberTests.runScenario(io.cucumber.testng.PickleWrapper, io.cucumber.testng.FeatureWrapper)[pri:0, instance:TestRunner.Run@7c8c9a05]" name="runScenario" class="io.cucumber.testng.AbstractTestNGCucumberTests"/>
      </group> <!-- cucumber -->
    </groups>
    <test started-at="2024-02-24T10:24:06Z" name="Default test" finished-at="2024-02-24T10:24:47Z" duration-ms="41134">
      <class name="TestRunner.Run">
        <test-method is-config="true" signature="setUpClass()[pri:0, instance:TestRunner.Run@7c8c9a05]" started-at="2024-02-24T15:54:06Z" name="setUpClass" finished-at="2024-02-24T15:54:07Z" duration-ms="1332" status="PASS">
          <reporter-output>
          </reporter-output>
        </test-method> <!-- setUpClass -->
        <test-method signature="runScenario(io.cucumber.testng.PickleWrapper, io.cucumber.testng.FeatureWrapper)[pri:0, instance:TestRunner.Run@7c8c9a05]" started-at="2024-02-24T15:54:07Z" name="runScenario" description="Runs Cucumber Scenarios" data-provider="scenarios" finished-at="2024-02-24T15:54:32Z" duration-ms="25313" status="PASS">
          <params>
            <param index="0">
              <value>
                <![CDATA["Add New Customer"]]>
              </value>
            </param>
            <param index="1">
              <value>
                <![CDATA["Optional[Customers]"]]>
              </value>
            </param>
          </params>
          <reporter-output>
          </reporter-output>
        </test-method> <!-- runScenario -->
        <test-method signature="runScenario(io.cucumber.testng.PickleWrapper, io.cucumber.testng.FeatureWrapper)[pri:0, instance:TestRunner.Run@7c8c9a05]" started-at="2024-02-24T15:54:32Z" name="runScenario" description="Runs Cucumber Scenarios" data-provider="scenarios" finished-at="2024-02-24T15:54:46Z" duration-ms="13996" status="PASS">
          <params>
            <param index="0">
              <value>
                <![CDATA["Successful Login with Valid Credentials"]]>
              </value>
            </param>
            <param index="1">
              <value>
                <![CDATA["Optional[Login]"]]>
              </value>
            </param>
          </params>
          <reporter-output>
          </reporter-output>
        </test-method> <!-- runScenario -->
        <test-method is-config="true" signature="tearDownClass()[pri:0, instance:TestRunner.Run@7c8c9a05]" started-at="2024-02-24T15:54:46Z" name="tearDownClass" finished-at="2024-02-24T15:54:47Z" duration-ms="468" status="PASS">
          <reporter-output>
          </reporter-output>
        </test-method> <!-- tearDownClass -->
      </class> <!-- TestRunner.Run -->
    </test> <!-- Default test -->
  </suite> <!-- Default suite -->
</testng-results>
